<?xml version="1.0" encoding="UTF-8"?>
<coverage generated="1653811713724" clover="3.2.0">
  <project timestamp="1653811713724" name="All files">
    <metrics statements="74" coveredstatements="72" conditionals="8" coveredconditionals="8" methods="20" coveredmethods="18" elements="102" coveredelements="98" complexity="0" loc="74" ncloc="74" packages="1" files="4" classes="4"/>
    <file name="product-services.js" path="/Users/terrenceliu/Desktop/CSC307GroupProject/GoodStuff/express-backend/models/product-services.js">
      <metrics statements="22" coveredstatements="21" conditionals="0" coveredconditionals="0" methods="6" coveredmethods="5"/>
      <line num="1" count="1" type="stmt"/>
      <line num="2" count="1" type="stmt"/>
      <line num="3" count="1" type="stmt"/>
      <line num="6" count="1" type="stmt"/>
      <line num="8" count="1" type="stmt"/>
      <line num="24" count="0" type="stmt"/>
      <line num="33" count="3" type="stmt"/>
      <line num="34" count="3" type="stmt"/>
      <line num="37" count="1" type="stmt"/>
      <line num="42" count="2" type="stmt"/>
      <line num="43" count="2" type="stmt"/>
      <line num="49" count="1" type="stmt"/>
      <line num="54" count="25" type="stmt"/>
      <line num="61" count="14" type="stmt"/>
      <line num="62" count="14" type="stmt"/>
      <line num="63" count="1" type="stmt"/>
      <line num="67" count="2" type="stmt"/>
      <line num="70" count="1" type="stmt"/>
      <line num="71" count="1" type="stmt"/>
      <line num="72" count="1" type="stmt"/>
      <line num="73" count="1" type="stmt"/>
      <line num="74" count="1" type="stmt"/>
    </file>
    <file name="product.js" path="/Users/terrenceliu/Desktop/CSC307GroupProject/GoodStuff/express-backend/models/product.js">
      <metrics statements="4" coveredstatements="4" conditionals="0" coveredconditionals="0" methods="0" coveredmethods="0"/>
      <line num="1" count="1" type="stmt"/>
      <line num="3" count="1" type="stmt"/>
      <line num="58" count="1" type="stmt"/>
      <line num="60" count="1" type="stmt"/>
    </file>
    <file name="user-services.js" path="/Users/terrenceliu/Desktop/CSC307GroupProject/GoodStuff/express-backend/models/user-services.js">
      <metrics statements="37" coveredstatements="36" conditionals="4" coveredconditionals="4" methods="11" coveredmethods="10"/>
      <line num="1" count="1" type="stmt"/>
      <line num="2" count="1" type="stmt"/>
      <line num="3" count="1" type="stmt"/>
      <line num="6" count="1" type="stmt"/>
      <line num="8" count="1" type="stmt"/>
      <line num="24" count="0" type="stmt"/>
      <line num="27" count="7" type="cond" truecount="4" falsecount="0"/>
      <line num="28" count="3" type="stmt"/>
      <line num="30" count="4" type="stmt"/>
      <line num="35" count="2" type="stmt"/>
      <line num="36" count="2" type="stmt"/>
      <line num="40" count="4" type="stmt"/>
      <line num="44" count="4" type="stmt"/>
      <line num="49" count="13" type="stmt"/>
      <line num="50" count="13" type="stmt"/>
      <line num="52" count="1" type="stmt"/>
      <line num="56" count="38" type="stmt"/>
      <line num="58" count="38" type="stmt"/>
      <line num="64" count="3" type="stmt"/>
      <line num="73" count="3" type="stmt"/>
      <line num="75" count="3" type="stmt"/>
      <line num="81" count="2" type="stmt"/>
      <line num="85" count="2" type="stmt"/>
      <line num="91" count="2" type="stmt"/>
      <line num="95" count="2" type="stmt"/>
      <line num="100" count="1" type="stmt"/>
      <line num="101" count="1" type="stmt"/>
      <line num="104" count="1" type="stmt"/>
      <line num="105" count="1" type="stmt"/>
      <line num="106" count="1" type="stmt"/>
      <line num="107" count="1" type="stmt"/>
      <line num="108" count="1" type="stmt"/>
      <line num="109" count="1" type="stmt"/>
      <line num="110" count="1" type="stmt"/>
      <line num="111" count="1" type="stmt"/>
      <line num="112" count="1" type="stmt"/>
      <line num="113" count="1" type="stmt"/>
    </file>
    <file name="user.js" path="/Users/terrenceliu/Desktop/CSC307GroupProject/GoodStuff/express-backend/models/user.js">
      <metrics statements="11" coveredstatements="11" conditionals="4" coveredconditionals="4" methods="3" coveredmethods="3"/>
      <line num="1" count="1" type="stmt"/>
      <line num="3" count="1" type="stmt"/>
      <line num="4" count="10" type="stmt"/>
      <line num="5" count="10" type="stmt"/>
      <line num="8" count="1" type="stmt"/>
      <line num="17" count="10" type="cond" truecount="2" falsecount="0"/>
      <line num="18" count="1" type="stmt"/>
      <line num="38" count="12" type="cond" truecount="2" falsecount="0"/>
      <line num="39" count="1" type="stmt"/>
      <line num="65" count="1" type="stmt"/>
      <line num="67" count="1" type="stmt"/>
    </file>
  </project>
</coverage>
