{"/Users/hanktsai/Documents/CPE307_Group/GoodStuff/express-backend/models/product-services.js": {"path":"/Users/hanktsai/Documents/CPE307_Group/GoodStuff/express-backend/models/product-services.js","statementMap":{"0":{"start":{"line":1,"column":17},"end":{"line":1,"column":36}},"1":{"start":{"line":2,"column":21},"end":{"line":2,"column":41}},"2":{"start":{"line":3,"column":15},"end":{"line":3,"column":32}},"3":{"start":{"line":6,"column":0},"end":{"line":6,"column":16}},"4":{"start":{"line":8,"column":0},"end":{"line":24,"column":40}},"5":{"start":{"line":24,"column":20},"end":{"line":24,"column":38}},"6":{"start":{"line":33,"column":2},"end":{"line":38,"column":3}},"7":{"start":{"line":34,"column":4},"end":{"line":34,"column":43}},"8":{"start":{"line":37,"column":4},"end":{"line":37,"column":21}},"9":{"start":{"line":42,"column":2},"end":{"line":52,"column":3}},"10":{"start":{"line":43,"column":4},"end":{"line":43,"column":22}},"11":{"start":{"line":44,"column":4},"end":{"line":47,"column":5}},"12":{"start":{"line":44,"column":17},"end":{"line":44,"column":18}},"13":{"start":{"line":45,"column":17},"end":{"line":45,"column":47}},"14":{"start":{"line":46,"column":6},"end":{"line":46,"column":30}},"15":{"start":{"line":49,"column":4},"end":{"line":49,"column":24}},"16":{"start":{"line":51,"column":4},"end":{"line":51,"column":16}},"17":{"start":{"line":56,"column":2},"end":{"line":64,"column":3}},"18":{"start":{"line":57,"column":4},"end":{"line":60,"column":6}},"19":{"start":{"line":63,"column":4},"end":{"line":63,"column":21}},"20":{"start":{"line":68,"column":2},"end":{"line":71,"column":5}},"21":{"start":{"line":75,"column":20},"end":{"line":75,"column":42}},"22":{"start":{"line":76,"column":20},"end":{"line":76,"column":42}},"23":{"start":{"line":77,"column":2},"end":{"line":77,"column":19}},"24":{"start":{"line":81,"column":2},"end":{"line":81,"column":62}},"25":{"start":{"line":84,"column":0},"end":{"line":84,"column":42}},"26":{"start":{"line":85,"column":0},"end":{"line":85,"column":26}},"27":{"start":{"line":86,"column":0},"end":{"line":86,"column":40}},"28":{"start":{"line":87,"column":0},"end":{"line":87,"column":48}},"29":{"start":{"line":88,"column":0},"end":{"line":88,"column":40}},"30":{"start":{"line":89,"column":0},"end":{"line":89,"column":42}}},"fnMap":{"0":{"name":"(anonymous_0)","decl":{"start":{"line":24,"column":9},"end":{"line":24,"column":10}},"loc":{"start":{"line":24,"column":20},"end":{"line":24,"column":38}},"line":24},"1":{"name":"findProductById","decl":{"start":{"line":32,"column":15},"end":{"line":32,"column":30}},"loc":{"start":{"line":32,"column":35},"end":{"line":39,"column":1}},"line":32},"2":{"name":"findProductList","decl":{"start":{"line":41,"column":15},"end":{"line":41,"column":30}},"loc":{"start":{"line":41,"column":37},"end":{"line":53,"column":1}},"line":41},"3":{"name":"archiveProduct","decl":{"start":{"line":55,"column":15},"end":{"line":55,"column":29}},"loc":{"start":{"line":55,"column":41},"end":{"line":65,"column":1}},"line":55},"4":{"name":"findProductsByTags","decl":{"start":{"line":67,"column":15},"end":{"line":67,"column":33}},"loc":{"start":{"line":67,"column":56},"end":{"line":72,"column":1}},"line":67},"5":{"name":"addItem","decl":{"start":{"line":74,"column":15},"end":{"line":74,"column":22}},"loc":{"start":{"line":74,"column":29},"end":{"line":78,"column":1}},"line":74},"6":{"name":"deleteProducts","decl":{"start":{"line":80,"column":15},"end":{"line":80,"column":29}},"loc":{"start":{"line":80,"column":35},"end":{"line":82,"column":1}},"line":80}},"branchMap":{},"s":{"0":1,"1":1,"2":1,"3":1,"4":1,"5":0,"6":3,"7":3,"8":1,"9":0,"10":0,"11":0,"12":0,"13":0,"14":0,"15":0,"16":0,"17":2,"18":2,"19":1,"20":6,"21":14,"22":14,"23":1,"24":2,"25":1,"26":1,"27":1,"28":1,"29":1,"30":1},"f":{"0":0,"1":3,"2":0,"3":2,"4":6,"5":14,"6":2},"b":{},"_coverageSchema":"1a1c01bbd47fc00a2c39e90264f33305004495a9","hash":"398f88250f0bfdfbc8ba82dbd617cabecf939eb9"}
,"/Users/hanktsai/Documents/CPE307_Group/GoodStuff/express-backend/models/product.js": {"path":"/Users/hanktsai/Documents/CPE307_Group/GoodStuff/express-backend/models/product.js","statementMap":{"0":{"start":{"line":1,"column":17},"end":{"line":1,"column":36}},"1":{"start":{"line":3,"column":22},"end":{"line":56,"column":1}},"2":{"start":{"line":58,"column":16},"end":{"line":58,"column":56}},"3":{"start":{"line":60,"column":0},"end":{"line":60,"column":25}}},"fnMap":{},"branchMap":{},"s":{"0":1,"1":1,"2":1,"3":1},"f":{},"b":{},"_coverageSchema":"1a1c01bbd47fc00a2c39e90264f33305004495a9","hash":"322124708dc805a3fbff4942591f766089f21744"}
,"/Users/hanktsai/Documents/CPE307_Group/GoodStuff/express-backend/models/user-services.js": {"path":"/Users/hanktsai/Documents/CPE307_Group/GoodStuff/express-backend/models/user-services.js","statementMap":{"0":{"start":{"line":1,"column":17},"end":{"line":1,"column":36}},"1":{"start":{"line":2,"column":18},"end":{"line":2,"column":35}},"2":{"start":{"line":3,"column":15},"end":{"line":3,"column":32}},"3":{"start":{"line":6,"column":0},"end":{"line":6,"column":16}},"4":{"start":{"line":8,"column":0},"end":{"line":24,"column":40}},"5":{"start":{"line":24,"column":20},"end":{"line":24,"column":38}},"6":{"start":{"line":27,"column":2},"end":{"line":31,"column":3}},"7":{"start":{"line":28,"column":4},"end":{"line":28,"column":21}},"8":{"start":{"line":30,"column":4},"end":{"line":30,"column":61}},"9":{"start":{"line":35,"column":14},"end":{"line":35,"column":62}},"10":{"start":{"line":36,"column":2},"end":{"line":36,"column":15}},"11":{"start":{"line":40,"column":14},"end":{"line":42,"column":11}},"12":{"start":{"line":44,"column":2},"end":{"line":44,"column":15}},"13":{"start":{"line":49,"column":20},"end":{"line":49,"column":39}},"14":{"start":{"line":50,"column":20},"end":{"line":50,"column":42}},"15":{"start":{"line":52,"column":2},"end":{"line":52,"column":19}},"16":{"start":{"line":56,"column":14},"end":{"line":56,"column":61}},"17":{"start":{"line":58,"column":2},"end":{"line":58,"column":15}},"18":{"start":{"line":64,"column":2},"end":{"line":69,"column":4}},"19":{"start":{"line":73,"column":2},"end":{"line":73,"column":38}},"20":{"start":{"line":85,"column":13},"end":{"line":88,"column":3}},"21":{"start":{"line":89,"column":2},"end":{"line":89,"column":14}},"22":{"start":{"line":95,"column":13},"end":{"line":98,"column":3}},"23":{"start":{"line":99,"column":2},"end":{"line":99,"column":14}},"24":{"start":{"line":104,"column":24},"end":{"line":104,"column":60}},"25":{"start":{"line":105,"column":2},"end":{"line":105,"column":25}},"26":{"start":{"line":108,"column":0},"end":{"line":108,"column":26}},"27":{"start":{"line":109,"column":0},"end":{"line":109,"column":26}},"28":{"start":{"line":110,"column":0},"end":{"line":110,"column":64}},"29":{"start":{"line":111,"column":0},"end":{"line":111,"column":48}},"30":{"start":{"line":112,"column":0},"end":{"line":112,"column":42}},"31":{"start":{"line":113,"column":0},"end":{"line":113,"column":44}},"32":{"start":{"line":114,"column":0},"end":{"line":114,"column":36}},"33":{"start":{"line":115,"column":0},"end":{"line":115,"column":48}},"34":{"start":{"line":116,"column":0},"end":{"line":116,"column":50}},"35":{"start":{"line":117,"column":0},"end":{"line":117,"column":32}}},"fnMap":{"0":{"name":"(anonymous_0)","decl":{"start":{"line":24,"column":9},"end":{"line":24,"column":10}},"loc":{"start":{"line":24,"column":20},"end":{"line":24,"column":38}},"line":24},"1":{"name":"getUser","decl":{"start":{"line":26,"column":15},"end":{"line":26,"column":22}},"loc":{"start":{"line":26,"column":40},"end":{"line":32,"column":1}},"line":26},"2":{"name":"findUserByEmail","decl":{"start":{"line":34,"column":15},"end":{"line":34,"column":30}},"loc":{"start":{"line":34,"column":38},"end":{"line":37,"column":1}},"line":34},"3":{"name":"findUserByEmailAndPassword","decl":{"start":{"line":39,"column":15},"end":{"line":39,"column":41}},"loc":{"start":{"line":39,"column":59},"end":{"line":45,"column":1}},"line":39},"4":{"name":"addUser","decl":{"start":{"line":48,"column":15},"end":{"line":48,"column":22}},"loc":{"start":{"line":48,"column":29},"end":{"line":53,"column":1}},"line":48},"5":{"name":"findUserByUsername","decl":{"start":{"line":55,"column":15},"end":{"line":55,"column":33}},"loc":{"start":{"line":55,"column":44},"end":{"line":59,"column":1}},"line":55},"6":{"name":"updateUserAvatar","decl":{"start":{"line":61,"column":15},"end":{"line":61,"column":31}},"loc":{"start":{"line":61,"column":49},"end":{"line":70,"column":1}},"line":61},"7":{"name":"findUserById","decl":{"start":{"line":72,"column":15},"end":{"line":72,"column":27}},"loc":{"start":{"line":72,"column":32},"end":{"line":74,"column":1}},"line":72},"8":{"name":"updateUserListings","decl":{"start":{"line":82,"column":15},"end":{"line":82,"column":33}},"loc":{"start":{"line":82,"column":55},"end":{"line":90,"column":1}},"line":82},"9":{"name":"updateUserPurchases","decl":{"start":{"line":92,"column":15},"end":{"line":92,"column":34}},"loc":{"start":{"line":92,"column":55},"end":{"line":100,"column":1}},"line":92},"10":{"name":"deleteUser","decl":{"start":{"line":103,"column":15},"end":{"line":103,"column":25}},"loc":{"start":{"line":103,"column":34},"end":{"line":106,"column":1}},"line":103}},"branchMap":{"0":{"loc":{"start":{"line":27,"column":2},"end":{"line":31,"column":3}},"type":"if","locations":[{"start":{"line":27,"column":2},"end":{"line":31,"column":3}},{"start":{"line":29,"column":9},"end":{"line":31,"column":3}}],"line":27},"1":{"loc":{"start":{"line":27,"column":6},"end":{"line":27,"column":51}},"type":"binary-expr","locations":[{"start":{"line":27,"column":6},"end":{"line":27,"column":25}},{"start":{"line":27,"column":29},"end":{"line":27,"column":51}}],"line":27}},"s":{"0":1,"1":1,"2":1,"3":1,"4":1,"5":0,"6":7,"7":3,"8":4,"9":2,"10":2,"11":4,"12":4,"13":13,"14":13,"15":1,"16":6,"17":6,"18":3,"19":3,"20":2,"21":2,"22":2,"23":2,"24":1,"25":1,"26":1,"27":1,"28":1,"29":1,"30":1,"31":1,"32":1,"33":1,"34":1,"35":1},"f":{"0":0,"1":7,"2":2,"3":4,"4":13,"5":6,"6":3,"7":3,"8":2,"9":2,"10":1},"b":{"0":[3,4],"1":[7,5]},"_coverageSchema":"1a1c01bbd47fc00a2c39e90264f33305004495a9","hash":"5b8cebd39e32e845e0808ec9441fb603380d3f86"}
,"/Users/hanktsai/Documents/CPE307_Group/GoodStuff/express-backend/models/user.js": {"path":"/Users/hanktsai/Documents/CPE307_Group/GoodStuff/express-backend/models/user.js","statementMap":{"0":{"start":{"line":1,"column":17},"end":{"line":1,"column":36}},"1":{"start":{"line":3,"column":20},"end":{"line":6,"column":1}},"2":{"start":{"line":4,"column":11},"end":{"line":4,"column":58}},"3":{"start":{"line":5,"column":2},"end":{"line":5,"column":24}},"4":{"start":{"line":8,"column":19},"end":{"line":63,"column":1}},"5":{"start":{"line":17,"column":8},"end":{"line":18,"column":77}},"6":{"start":{"line":18,"column":10},"end":{"line":18,"column":77}},"7":{"start":{"line":38,"column":8},"end":{"line":39,"column":77}},"8":{"start":{"line":39,"column":10},"end":{"line":39,"column":77}},"9":{"start":{"line":65,"column":13},"end":{"line":65,"column":47}},"10":{"start":{"line":67,"column":0},"end":{"line":67,"column":22}}},"fnMap":{"0":{"name":"(anonymous_0)","decl":{"start":{"line":3,"column":20},"end":{"line":3,"column":21}},"loc":{"start":{"line":3,"column":37},"end":{"line":6,"column":1}},"line":3},"1":{"name":"(anonymous_1)","decl":{"start":{"line":16,"column":6},"end":{"line":16,"column":7}},"loc":{"start":{"line":16,"column":22},"end":{"line":19,"column":7}},"line":16},"2":{"name":"(anonymous_2)","decl":{"start":{"line":37,"column":6},"end":{"line":37,"column":7}},"loc":{"start":{"line":37,"column":22},"end":{"line":40,"column":7}},"line":37}},"branchMap":{"0":{"loc":{"start":{"line":17,"column":8},"end":{"line":18,"column":77}},"type":"if","locations":[{"start":{"line":17,"column":8},"end":{"line":18,"column":77}},{"start":{},"end":{}}],"line":17},"1":{"loc":{"start":{"line":38,"column":8},"end":{"line":39,"column":77}},"type":"if","locations":[{"start":{"line":38,"column":8},"end":{"line":39,"column":77}},{"start":{},"end":{}}],"line":38}},"s":{"0":1,"1":1,"2":10,"3":10,"4":1,"5":10,"6":1,"7":12,"8":1,"9":1,"10":1},"f":{"0":10,"1":10,"2":12},"b":{"0":[1,9],"1":[1,11]},"_coverageSchema":"1a1c01bbd47fc00a2c39e90264f33305004495a9","hash":"fe1b387b5d4e9b6ba7d0fa9ec75eaeb9dd298593"}
}
