{
  "/Users/terrenceliu/Desktop/CSC307GroupProject/GoodStuff/express-backend/models/product-services.js": {
    "path": "/Users/terrenceliu/Desktop/CSC307GroupProject/GoodStuff/express-backend/models/product-services.js",
    "statementMap": {
      "0": {
        "start": { "line": 1, "column": 17 },
        "end": { "line": 1, "column": 36 }
      },
      "1": {
        "start": { "line": 2, "column": 21 },
        "end": { "line": 2, "column": 41 }
      },
      "2": {
        "start": { "line": 3, "column": 15 },
        "end": { "line": 3, "column": 32 }
      },
      "3": {
        "start": { "line": 6, "column": 0 },
        "end": { "line": 6, "column": 16 }
      },
      "4": {
        "start": { "line": 8, "column": 0 },
        "end": { "line": 24, "column": 40 }
      },
      "5": {
        "start": { "line": 24, "column": 20 },
        "end": { "line": 24, "column": 38 }
      },
      "6": {
        "start": { "line": 33, "column": 2 },
        "end": { "line": 38, "column": 3 }
      },
      "7": {
        "start": { "line": 34, "column": 4 },
        "end": { "line": 34, "column": 43 }
      },
      "8": {
        "start": { "line": 37, "column": 4 },
        "end": { "line": 37, "column": 21 }
      },
      "9": {
        "start": { "line": 42, "column": 2 },
        "end": { "line": 50, "column": 3 }
      },
      "10": {
        "start": { "line": 43, "column": 4 },
        "end": { "line": 46, "column": 6 }
      },
      "11": {
        "start": { "line": 49, "column": 4 },
        "end": { "line": 49, "column": 21 }
      },
      "12": {
        "start": { "line": 54, "column": 2 },
        "end": { "line": 57, "column": 5 }
      },
      "13": {
        "start": { "line": 61, "column": 20 },
        "end": { "line": 61, "column": 42 }
      },
      "14": {
        "start": { "line": 62, "column": 20 },
        "end": { "line": 62, "column": 42 }
      },
      "15": {
        "start": { "line": 63, "column": 2 },
        "end": { "line": 63, "column": 19 }
      },
      "16": {
        "start": { "line": 67, "column": 2 },
        "end": { "line": 67, "column": 62 }
      },
      "17": {
        "start": { "line": 70, "column": 0 },
        "end": { "line": 70, "column": 42 }
      },
      "18": {
        "start": { "line": 71, "column": 0 },
        "end": { "line": 71, "column": 26 }
      },
      "19": {
        "start": { "line": 72, "column": 0 },
        "end": { "line": 72, "column": 40 }
      },
      "20": {
        "start": { "line": 73, "column": 0 },
        "end": { "line": 73, "column": 48 }
      },
      "21": {
        "start": { "line": 74, "column": 0 },
        "end": { "line": 74, "column": 40 }
      }
    },
    "fnMap": {
      "0": {
        "name": "(anonymous_0)",
        "decl": {
          "start": { "line": 24, "column": 9 },
          "end": { "line": 24, "column": 10 }
        },
        "loc": {
          "start": { "line": 24, "column": 20 },
          "end": { "line": 24, "column": 38 }
        },
        "line": 24
      },
      "1": {
        "name": "findProductById",
        "decl": {
          "start": { "line": 32, "column": 15 },
          "end": { "line": 32, "column": 30 }
        },
        "loc": {
          "start": { "line": 32, "column": 35 },
          "end": { "line": 39, "column": 1 }
        },
        "line": 32
      },
      "2": {
        "name": "archiveProduct",
        "decl": {
          "start": { "line": 41, "column": 15 },
          "end": { "line": 41, "column": 29 }
        },
        "loc": {
          "start": { "line": 41, "column": 41 },
          "end": { "line": 51, "column": 1 }
        },
        "line": 41
      },
      "3": {
        "name": "findProductsByTags",
        "decl": {
          "start": { "line": 53, "column": 15 },
          "end": { "line": 53, "column": 33 }
        },
        "loc": {
          "start": { "line": 53, "column": 56 },
          "end": { "line": 58, "column": 1 }
        },
        "line": 53
      },
      "4": {
        "name": "addItem",
        "decl": {
          "start": { "line": 60, "column": 15 },
          "end": { "line": 60, "column": 22 }
        },
        "loc": {
          "start": { "line": 60, "column": 29 },
          "end": { "line": 64, "column": 1 }
        },
        "line": 60
      },
      "5": {
        "name": "deleteProducts",
        "decl": {
          "start": { "line": 66, "column": 15 },
          "end": { "line": 66, "column": 29 }
        },
        "loc": {
          "start": { "line": 66, "column": 35 },
          "end": { "line": 68, "column": 1 }
        },
        "line": 66
      }
    },
    "branchMap": {},
    "s": {
      "0": 1,
      "1": 1,
      "2": 1,
      "3": 1,
      "4": 1,
      "5": 0,
      "6": 3,
      "7": 3,
      "8": 1,
      "9": 2,
      "10": 2,
      "11": 1,
      "12": 6,
      "13": 14,
      "14": 14,
      "15": 1,
      "16": 2,
      "17": 1,
      "18": 1,
      "19": 1,
      "20": 1,
      "21": 1
    },
    "f": { "0": 0, "1": 3, "2": 2, "3": 6, "4": 14, "5": 2 },
    "b": {},
    "_coverageSchema": "1a1c01bbd47fc00a2c39e90264f33305004495a9",
    "hash": "36771d6d480e4c9b3d8a9fad2225c3e4d80daf00"
  },
  "/Users/terrenceliu/Desktop/CSC307GroupProject/GoodStuff/express-backend/models/product.js": {
    "path": "/Users/terrenceliu/Desktop/CSC307GroupProject/GoodStuff/express-backend/models/product.js",
    "statementMap": {
      "0": {
        "start": { "line": 1, "column": 17 },
        "end": { "line": 1, "column": 36 }
      },
      "1": {
        "start": { "line": 3, "column": 22 },
        "end": { "line": 56, "column": 1 }
      },
      "2": {
        "start": { "line": 58, "column": 16 },
        "end": { "line": 58, "column": 56 }
      },
      "3": {
        "start": { "line": 60, "column": 0 },
        "end": { "line": 60, "column": 25 }
      }
    },
    "fnMap": {},
    "branchMap": {},
    "s": { "0": 1, "1": 1, "2": 1, "3": 1 },
    "f": {},
    "b": {},
    "_coverageSchema": "1a1c01bbd47fc00a2c39e90264f33305004495a9",
    "hash": "fbc35115977106771e8df2610ea141c186f869d9"
  },
  "/Users/terrenceliu/Desktop/CSC307GroupProject/GoodStuff/express-backend/models/user-services.js": {
    "path": "/Users/terrenceliu/Desktop/CSC307GroupProject/GoodStuff/express-backend/models/user-services.js",
    "statementMap": {
      "0": {
        "start": { "line": 1, "column": 17 },
        "end": { "line": 1, "column": 36 }
      },
      "1": {
        "start": { "line": 2, "column": 18 },
        "end": { "line": 2, "column": 35 }
      },
      "2": {
        "start": { "line": 3, "column": 15 },
        "end": { "line": 3, "column": 32 }
      },
      "3": {
        "start": { "line": 6, "column": 0 },
        "end": { "line": 6, "column": 16 }
      },
      "4": {
        "start": { "line": 8, "column": 0 },
        "end": { "line": 24, "column": 40 }
      },
      "5": {
        "start": { "line": 24, "column": 20 },
        "end": { "line": 24, "column": 38 }
      },
      "6": {
        "start": { "line": 27, "column": 2 },
        "end": { "line": 31, "column": 3 }
      },
      "7": {
        "start": { "line": 28, "column": 4 },
        "end": { "line": 28, "column": 21 }
      },
      "8": {
        "start": { "line": 30, "column": 4 },
        "end": { "line": 30, "column": 61 }
      },
      "9": {
        "start": { "line": 35, "column": 14 },
        "end": { "line": 35, "column": 62 }
      },
      "10": {
        "start": { "line": 36, "column": 2 },
        "end": { "line": 36, "column": 15 }
      },
      "11": {
        "start": { "line": 40, "column": 14 },
        "end": { "line": 42, "column": 11 }
      },
      "12": {
        "start": { "line": 44, "column": 2 },
        "end": { "line": 44, "column": 15 }
      },
      "13": {
        "start": { "line": 49, "column": 20 },
        "end": { "line": 49, "column": 39 }
      },
      "14": {
        "start": { "line": 50, "column": 20 },
        "end": { "line": 50, "column": 42 }
      },
      "15": {
        "start": { "line": 52, "column": 2 },
        "end": { "line": 52, "column": 19 }
      },
      "16": {
        "start": { "line": 56, "column": 14 },
        "end": { "line": 56, "column": 61 }
      },
      "17": {
        "start": { "line": 58, "column": 2 },
        "end": { "line": 58, "column": 15 }
      },
      "18": {
        "start": { "line": 64, "column": 2 },
        "end": { "line": 69, "column": 4 }
      },
      "19": {
        "start": { "line": 73, "column": 13 },
        "end": { "line": 73, "column": 48 }
      },
      "20": {
        "start": { "line": 75, "column": 2 },
        "end": { "line": 75, "column": 14 }
      },
      "21": {
        "start": { "line": 81, "column": 13 },
        "end": { "line": 84, "column": 3 }
      },
      "22": {
        "start": { "line": 85, "column": 2 },
        "end": { "line": 85, "column": 14 }
      },
      "23": {
        "start": { "line": 91, "column": 13 },
        "end": { "line": 94, "column": 3 }
      },
      "24": {
        "start": { "line": 95, "column": 2 },
        "end": { "line": 95, "column": 14 }
      },
      "25": {
        "start": { "line": 100, "column": 24 },
        "end": { "line": 100, "column": 60 }
      },
      "26": {
        "start": { "line": 101, "column": 2 },
        "end": { "line": 101, "column": 25 }
      },
      "27": {
        "start": { "line": 104, "column": 0 },
        "end": { "line": 104, "column": 26 }
      },
      "28": {
        "start": { "line": 105, "column": 0 },
        "end": { "line": 105, "column": 26 }
      },
      "29": {
        "start": { "line": 106, "column": 0 },
        "end": { "line": 106, "column": 64 }
      },
      "30": {
        "start": { "line": 107, "column": 0 },
        "end": { "line": 107, "column": 48 }
      },
      "31": {
        "start": { "line": 108, "column": 0 },
        "end": { "line": 108, "column": 42 }
      },
      "32": {
        "start": { "line": 109, "column": 0 },
        "end": { "line": 109, "column": 44 }
      },
      "33": {
        "start": { "line": 110, "column": 0 },
        "end": { "line": 110, "column": 36 }
      },
      "34": {
        "start": { "line": 111, "column": 0 },
        "end": { "line": 111, "column": 48 }
      },
      "35": {
        "start": { "line": 112, "column": 0 },
        "end": { "line": 112, "column": 50 }
      },
      "36": {
        "start": { "line": 113, "column": 0 },
        "end": { "line": 113, "column": 32 }
      }
    },
    "fnMap": {
      "0": {
        "name": "(anonymous_0)",
        "decl": {
          "start": { "line": 24, "column": 9 },
          "end": { "line": 24, "column": 10 }
        },
        "loc": {
          "start": { "line": 24, "column": 20 },
          "end": { "line": 24, "column": 38 }
        },
        "line": 24
      },
      "1": {
        "name": "getUser",
        "decl": {
          "start": { "line": 26, "column": 15 },
          "end": { "line": 26, "column": 22 }
        },
        "loc": {
          "start": { "line": 26, "column": 40 },
          "end": { "line": 32, "column": 1 }
        },
        "line": 26
      },
      "2": {
        "name": "findUserByEmail",
        "decl": {
          "start": { "line": 34, "column": 15 },
          "end": { "line": 34, "column": 30 }
        },
        "loc": {
          "start": { "line": 34, "column": 38 },
          "end": { "line": 37, "column": 1 }
        },
        "line": 34
      },
      "3": {
        "name": "findUserByEmailAndPassword",
        "decl": {
          "start": { "line": 39, "column": 15 },
          "end": { "line": 39, "column": 41 }
        },
        "loc": {
          "start": { "line": 39, "column": 59 },
          "end": { "line": 45, "column": 1 }
        },
        "line": 39
      },
      "4": {
        "name": "addUser",
        "decl": {
          "start": { "line": 48, "column": 15 },
          "end": { "line": 48, "column": 22 }
        },
        "loc": {
          "start": { "line": 48, "column": 29 },
          "end": { "line": 53, "column": 1 }
        },
        "line": 48
      },
      "5": {
        "name": "findUserByUsername",
        "decl": {
          "start": { "line": 55, "column": 15 },
          "end": { "line": 55, "column": 33 }
        },
        "loc": {
          "start": { "line": 55, "column": 44 },
          "end": { "line": 59, "column": 1 }
        },
        "line": 55
      },
      "6": {
        "name": "updateUserAvatar",
        "decl": {
          "start": { "line": 61, "column": 15 },
          "end": { "line": 61, "column": 31 }
        },
        "loc": {
          "start": { "line": 61, "column": 49 },
          "end": { "line": 70, "column": 1 }
        },
        "line": 61
      },
      "7": {
        "name": "findUserById",
        "decl": {
          "start": { "line": 72, "column": 9 },
          "end": { "line": 72, "column": 21 }
        },
        "loc": {
          "start": { "line": 72, "column": 31 },
          "end": { "line": 76, "column": 1 }
        },
        "line": 72
      },
      "8": {
        "name": "updateUserListings",
        "decl": {
          "start": { "line": 78, "column": 15 },
          "end": { "line": 78, "column": 33 }
        },
        "loc": {
          "start": { "line": 78, "column": 55 },
          "end": { "line": 86, "column": 1 }
        },
        "line": 78
      },
      "9": {
        "name": "updateUserPurchases",
        "decl": {
          "start": { "line": 88, "column": 15 },
          "end": { "line": 88, "column": 34 }
        },
        "loc": {
          "start": { "line": 88, "column": 55 },
          "end": { "line": 96, "column": 1 }
        },
        "line": 88
      },
      "10": {
        "name": "deleteUser",
        "decl": {
          "start": { "line": 99, "column": 15 },
          "end": { "line": 99, "column": 25 }
        },
        "loc": {
          "start": { "line": 99, "column": 34 },
          "end": { "line": 102, "column": 1 }
        },
        "line": 99
      }
    },
    "branchMap": {
      "0": {
        "loc": {
          "start": { "line": 27, "column": 2 },
          "end": { "line": 31, "column": 3 }
        },
        "type": "if",
        "locations": [
          {
            "start": { "line": 27, "column": 2 },
            "end": { "line": 31, "column": 3 }
          },
          {
            "start": { "line": 29, "column": 9 },
            "end": { "line": 31, "column": 3 }
          }
        ],
        "line": 27
      },
      "1": {
        "loc": {
          "start": { "line": 27, "column": 6 },
          "end": { "line": 27, "column": 51 }
        },
        "type": "binary-expr",
        "locations": [
          {
            "start": { "line": 27, "column": 6 },
            "end": { "line": 27, "column": 25 }
          },
          {
            "start": { "line": 27, "column": 29 },
            "end": { "line": 27, "column": 51 }
          }
        ],
        "line": 27
      }
    },
    "s": {
      "0": 1,
      "1": 1,
      "2": 1,
      "3": 1,
      "4": 1,
      "5": 0,
      "6": 7,
      "7": 3,
      "8": 4,
      "9": 2,
      "10": 2,
      "11": 4,
      "12": 4,
      "13": 13,
      "14": 13,
      "15": 1,
      "16": 6,
      "17": 6,
      "18": 3,
      "19": 3,
      "20": 3,
      "21": 2,
      "22": 2,
      "23": 2,
      "24": 2,
      "25": 1,
      "26": 1,
      "27": 1,
      "28": 1,
      "29": 1,
      "30": 1,
      "31": 1,
      "32": 1,
      "33": 1,
      "34": 1,
      "35": 1,
      "36": 1
    },
    "f": {
      "0": 0,
      "1": 7,
      "2": 2,
      "3": 4,
      "4": 13,
      "5": 6,
      "6": 3,
      "7": 3,
      "8": 2,
      "9": 2,
      "10": 1
    },
    "b": { "0": [3, 4], "1": [7, 5] },
    "_coverageSchema": "1a1c01bbd47fc00a2c39e90264f33305004495a9",
    "hash": "afb6f31978c62b6a62e0fa3e144f9b050e69a076"
  },
  "/Users/terrenceliu/Desktop/CSC307GroupProject/GoodStuff/express-backend/models/user.js": {
    "path": "/Users/terrenceliu/Desktop/CSC307GroupProject/GoodStuff/express-backend/models/user.js",
    "statementMap": {
      "0": {
        "start": { "line": 1, "column": 17 },
        "end": { "line": 1, "column": 36 }
      },
      "1": {
        "start": { "line": 3, "column": 20 },
        "end": { "line": 6, "column": 1 }
      },
      "2": {
        "start": { "line": 4, "column": 11 },
        "end": { "line": 4, "column": 58 }
      },
      "3": {
        "start": { "line": 5, "column": 2 },
        "end": { "line": 5, "column": 24 }
      },
      "4": {
        "start": { "line": 8, "column": 19 },
        "end": { "line": 63, "column": 1 }
      },
      "5": {
        "start": { "line": 17, "column": 8 },
        "end": { "line": 18, "column": 77 }
      },
      "6": {
        "start": { "line": 18, "column": 10 },
        "end": { "line": 18, "column": 77 }
      },
      "7": {
        "start": { "line": 38, "column": 8 },
        "end": { "line": 39, "column": 77 }
      },
      "8": {
        "start": { "line": 39, "column": 10 },
        "end": { "line": 39, "column": 77 }
      },
      "9": {
        "start": { "line": 65, "column": 13 },
        "end": { "line": 65, "column": 47 }
      },
      "10": {
        "start": { "line": 67, "column": 0 },
        "end": { "line": 67, "column": 22 }
      }
    },
    "fnMap": {
      "0": {
        "name": "(anonymous_0)",
        "decl": {
          "start": { "line": 3, "column": 20 },
          "end": { "line": 3, "column": 21 }
        },
        "loc": {
          "start": { "line": 3, "column": 37 },
          "end": { "line": 6, "column": 1 }
        },
        "line": 3
      },
      "1": {
        "name": "(anonymous_1)",
        "decl": {
          "start": { "line": 16, "column": 6 },
          "end": { "line": 16, "column": 7 }
        },
        "loc": {
          "start": { "line": 16, "column": 22 },
          "end": { "line": 19, "column": 7 }
        },
        "line": 16
      },
      "2": {
        "name": "(anonymous_2)",
        "decl": {
          "start": { "line": 37, "column": 6 },
          "end": { "line": 37, "column": 7 }
        },
        "loc": {
          "start": { "line": 37, "column": 22 },
          "end": { "line": 40, "column": 7 }
        },
        "line": 37
      }
    },
    "branchMap": {
      "0": {
        "loc": {
          "start": { "line": 17, "column": 8 },
          "end": { "line": 18, "column": 77 }
        },
        "type": "if",
        "locations": [
          {
            "start": { "line": 17, "column": 8 },
            "end": { "line": 18, "column": 77 }
          },
          { "start": {}, "end": {} }
        ],
        "line": 17
      },
      "1": {
        "loc": {
          "start": { "line": 38, "column": 8 },
          "end": { "line": 39, "column": 77 }
        },
        "type": "if",
        "locations": [
          {
            "start": { "line": 38, "column": 8 },
            "end": { "line": 39, "column": 77 }
          },
          { "start": {}, "end": {} }
        ],
        "line": 38
      }
    },
    "s": {
      "0": 1,
      "1": 1,
      "2": 10,
      "3": 10,
      "4": 1,
      "5": 10,
      "6": 1,
      "7": 12,
      "8": 1,
      "9": 1,
      "10": 1
    },
    "f": { "0": 10, "1": 10, "2": 12 },
    "b": { "0": [1, 9], "1": [1, 11] },
    "_coverageSchema": "1a1c01bbd47fc00a2c39e90264f33305004495a9",
    "hash": "6ff4e524b34cc216547fc962c4cd66b3e1bc5cdc"
  }
}
