TN:
SF:models/product-services.js
FN:24,(anonymous_0)
FN:32,findProductById
FN:41,findProductList
FN:55,archiveProduct
FN:67,findProductsByTags
FN:74,addItem
FN:80,deleteProducts
FNF:7
FNH:5
FNDA:0,(anonymous_0)
FNDA:3,findProductById
FNDA:0,findProductList
FNDA:2,archiveProduct
FNDA:6,findProductsByTags
FNDA:14,addItem
FNDA:2,deleteProducts
DA:1,1
DA:2,1
DA:3,1
DA:6,1
DA:8,1
DA:24,0
DA:33,3
DA:34,3
DA:37,1
DA:42,0
DA:43,0
DA:44,0
DA:45,0
DA:46,0
DA:49,0
DA:51,0
DA:56,2
DA:57,2
DA:63,1
DA:68,6
DA:75,14
DA:76,14
DA:77,1
DA:81,2
DA:84,1
DA:85,1
DA:86,1
DA:87,1
DA:88,1
DA:89,1
LF:30
LH:22
BRF:0
BRH:0
end_of_record
TN:
SF:models/product.js
FNF:0
FNH:0
DA:1,1
DA:3,1
DA:58,1
DA:60,1
LF:4
LH:4
BRF:0
BRH:0
end_of_record
TN:
SF:models/user-services.js
FN:24,(anonymous_0)
FN:26,getUser
FN:34,findUserByEmail
FN:39,findUserByEmailAndPassword
FN:48,addUser
FN:55,findUserByUsername
FN:61,updateUserAvatar
FN:72,findUserById
FN:82,updateUserListings
FN:92,updateUserPurchases
FN:103,deleteUser
FNF:11
FNH:10
FNDA:0,(anonymous_0)
FNDA:7,getUser
FNDA:2,findUserByEmail
FNDA:4,findUserByEmailAndPassword
FNDA:13,addUser
FNDA:6,findUserByUsername
FNDA:3,updateUserAvatar
FNDA:3,findUserById
FNDA:2,updateUserListings
FNDA:2,updateUserPurchases
FNDA:1,deleteUser
DA:1,1
DA:2,1
DA:3,1
DA:6,1
DA:8,1
DA:24,0
DA:27,7
DA:28,3
DA:30,4
DA:35,2
DA:36,2
DA:40,4
DA:44,4
DA:49,13
DA:50,13
DA:52,1
DA:56,6
DA:58,6
DA:64,3
DA:73,3
DA:85,2
DA:89,2
DA:95,2
DA:99,2
DA:104,1
DA:105,1
DA:108,1
DA:109,1
DA:110,1
DA:111,1
DA:112,1
DA:113,1
DA:114,1
DA:115,1
DA:116,1
DA:117,1
LF:36
LH:35
BRDA:27,0,0,3
BRDA:27,0,1,4
BRDA:27,1,0,7
BRDA:27,1,1,5
BRF:4
BRH:4
end_of_record
TN:
SF:models/user.js
FN:3,(anonymous_0)
FN:16,(anonymous_1)
FN:37,(anonymous_2)
FNF:3
FNH:3
FNDA:10,(anonymous_0)
FNDA:10,(anonymous_1)
FNDA:12,(anonymous_2)
DA:1,1
DA:3,1
DA:4,10
DA:5,10
DA:8,1
DA:17,10
DA:18,1
DA:38,12
DA:39,1
DA:65,1
DA:67,1
LF:11
LH:11
BRDA:17,0,0,1
BRDA:17,0,1,9
BRDA:38,1,0,1
BRDA:38,1,1,11
BRF:4
BRH:4
end_of_record
